<?xml version="1.0" encoding="UTF-8"?>
<testsuite name="com.myMoney.runner.CucumberRunner" tests="1" skipped="0" failures="0" errors="0" timestamp="2023-12-13T11:35:58" hostname="Is-MacBook-Pro.local" time="9.71">
  <properties/>
  <testcase name="user can select account" classname="com.myMoney.runner.CucumberRunner" time="9.71"/>
  <system-out><![CDATA[]]></system-out>
  <system-err><![CDATA[]]></system-err>
</testsuite>
